Determining if the pthread_create exist failed with the following output:
Change Dir: /home/louis/catkin_ws/build/CMakeFiles/CMakeTmp

Run Build Command:"/usr/bin/make" "cmTC_14773/fast"
/usr/bin/make -f CMakeFiles/cmTC_14773.dir/build.make CMakeFiles/cmTC_14773.dir/build
make[1]: Entering directory '/home/louis/catkin_ws/build/CMakeFiles/CMakeTmp'
Building C object CMakeFiles/cmTC_14773.dir/CheckSymbolExists.c.o
/usr/bin/cc    -o CMakeFiles/cmTC_14773.dir/CheckSymbolExists.c.o   -c /home/louis/catkin_ws/build/CMakeFiles/CMakeTmp/CheckSymbolExists.c
Linking C executable cmTC_14773
/usr/bin/cmake -E cmake_link_script CMakeFiles/cmTC_14773.dir/link.txt --verbose=1
/usr/bin/cc      -rdynamic CMakeFiles/cmTC_14773.dir/CheckSymbolExists.c.o  -o cmTC_14773 
CMakeFiles/cmTC_14773.dir/CheckSymbolExists.c.o: In function `main':
CheckSymbolExists.c:(.text+0x1b): undefined reference to `pthread_create'
collect2: error: ld returned 1 exit status
CMakeFiles/cmTC_14773.dir/build.make:97: recipe for target 'cmTC_14773' failed
make[1]: *** [cmTC_14773] Error 1
make[1]: Leaving directory '/home/louis/catkin_ws/build/CMakeFiles/CMakeTmp'
Makefile:126: recipe for target 'cmTC_14773/fast' failed
make: *** [cmTC_14773/fast] Error 2

File /home/louis/catkin_ws/build/CMakeFiles/CMakeTmp/CheckSymbolExists.c:
/* */
#include <pthread.h>

int main(int argc, char** argv)
{
  (void)argv;
#ifndef pthread_create
  return ((int*)(&pthread_create))[argc];
#else
  (void)argc;
  return 0;
#endif
}

Determining if the function pthread_create exists in the pthreads failed with the following output:
Change Dir: /home/louis/catkin_ws/build/CMakeFiles/CMakeTmp

Run Build Command:"/usr/bin/make" "cmTC_0d473/fast"
/usr/bin/make -f CMakeFiles/cmTC_0d473.dir/build.make CMakeFiles/cmTC_0d473.dir/build
make[1]: Entering directory '/home/louis/catkin_ws/build/CMakeFiles/CMakeTmp'
Building C object CMakeFiles/cmTC_0d473.dir/CheckFunctionExists.c.o
/usr/bin/cc   -DCHECK_FUNCTION_EXISTS=pthread_create   -o CMakeFiles/cmTC_0d473.dir/CheckFunctionExists.c.o   -c /usr/share/cmake-3.10/Modules/CheckFunctionExists.c
Linking C executable cmTC_0d473
/usr/bin/cmake -E cmake_link_script CMakeFiles/cmTC_0d473.dir/link.txt --verbose=1
/usr/bin/cc  -DCHECK_FUNCTION_EXISTS=pthread_create    -rdynamic CMakeFiles/cmTC_0d473.dir/CheckFunctionExists.c.o  -o cmTC_0d473 -lpthreads 
/usr/bin/ld: cannot find -lpthreads
collect2: error: ld returned 1 exit status
CMakeFiles/cmTC_0d473.dir/build.make:97: recipe for target 'cmTC_0d473' failed
make[1]: *** [cmTC_0d473] Error 1
make[1]: Leaving directory '/home/louis/catkin_ws/build/CMakeFiles/CMakeTmp'
Makefile:126: recipe for target 'cmTC_0d473/fast' failed
make: *** [cmTC_0d473/fast] Error 2


